{
  "Cucumber Features": {
    "coverage": {
      "/home/nafe/Desktop/CSCE 431/bdd-tdd-cycle/rottenpotatoes/app/models/movie.rb": [
        1,
        null,
        1,
        null,
        1,
        3,
        null,
        null,
        null
      ],
      "/home/nafe/Desktop/CSCE 431/bdd-tdd-cycle/rottenpotatoes/app/controllers/movies_controller.rb": [
        1,
        null,
        1,
        3,
        3,
        null,
        null,
        null,
        1,
        0,
        0,
        null,
        0,
        null,
        0,
        null,
        null,
        0,
        null,
        0,
        0,
        null,
        0,
        0,
        null,
        null,
        0,
        0,
        0,
        0,
        null,
        null,
        0,
        0,
        0,
        0,
        0,
        null,
        0,
        null,
        null,
        1,
        null,
        null,
        null,
        1,
        0,
        0,
        0,
        null,
        null,
        1,
        1,
        null,
        null,
        1,
        1,
        1,
        1,
        1,
        null,
        null,
        1,
        0,
        0,
        0,
        0,
        null,
        null,
        1,
        null,
        3,
        3,
        null,
        0,
        null,
        0,
        null,
        null,
        0,
        null,
        3,
        3,
        null,
        3,
        18,
        null,
        null,
        3,
        0,
        0,
        0,
        null,
        null,
        3,
        0,
        0,
        0,
        0,
        null,
        null,
        3,
        0,
        null,
        null,
        null,
        null,
        3,
        null,
        null,
        null,
        null,
        null,
        null
      ],
      "/home/nafe/Desktop/CSCE 431/bdd-tdd-cycle/rottenpotatoes/app/controllers/application_controller.rb": [
        1,
        1,
        null
      ],
      "/home/nafe/Desktop/CSCE 431/bdd-tdd-cycle/rottenpotatoes/app/helpers/application_helper.rb": [
        1,
        null
      ],
      "/home/nafe/Desktop/CSCE 431/bdd-tdd-cycle/rottenpotatoes/app/helpers/movies_helper.rb": [
        1,
        null,
        1,
        0,
        null,
        null
      ]
    },
    "timestamp": 1459466742
  },
  "RSpec": {
    "coverage": {
      "/home/nafe/Desktop/CSCE 431/bdd-tdd-cycle/rottenpotatoes/app/helpers/application_helper.rb": [
        1,
        null
      ],
      "/home/nafe/Desktop/CSCE 431/bdd-tdd-cycle/rottenpotatoes/app/helpers/movies_helper.rb": [
        1,
        null,
        1,
        0,
        null,
        null
      ],
      "/home/nafe/Desktop/CSCE 431/bdd-tdd-cycle/rottenpotatoes/app/controllers/movies_controller.rb": [
        1,
        null,
        1,
        0,
        0,
        null,
        null,
        null,
        1,
        0,
        0,
        null,
        0,
        null,
        0,
        null,
        null,
        0,
        null,
        0,
        0,
        null,
        0,
        0,
        null,
        null,
        0,
        0,
        0,
        0,
        null,
        null,
        0,
        0,
        0,
        0,
        0,
        null,
        0,
        null,
        null,
        1,
        null,
        null,
        null,
        1,
        0,
        0,
        0,
        null,
        null,
        1,
        0,
        null,
        null,
        1,
        0,
        0,
        0,
        0,
        null,
        null,
        1,
        0,
        0,
        0,
        0,
        null,
        null,
        1,
        null,
        4,
        4,
        null,
        0,
        null,
        0,
        null,
        null,
        0,
        null,
        4,
        4,
        null,
        4,
        24,
        null,
        null,
        4,
        0,
        0,
        0,
        null,
        null,
        4,
        0,
        0,
        0,
        0,
        null,
        null,
        4,
        0,
        null,
        null,
        null,
        null,
        4,
        null,
        null,
        null,
        null,
        null,
        null
      ],
      "/home/nafe/Desktop/CSCE 431/bdd-tdd-cycle/rottenpotatoes/app/controllers/application_controller.rb": [
        1,
        1,
        null
      ],
      "/home/nafe/Desktop/CSCE 431/bdd-tdd-cycle/rottenpotatoes/app/models/movie.rb": [
        1,
        null,
        1,
        null,
        1,
        4,
        null,
        null,
        null
      ]
    },
    "timestamp": 1459466753
  }
}
